# JRE version: OpenJDK Runtime Environment (17.0.6) (build 17.0.6+0-b2043.56-10027231)
# Java VM: OpenJDK 64-Bit Server VM (17.0.6+0-b2043.56-10027231, mixed mode, tiered, compressed oops, compressed class ptrs, g1 gc, windows-amd64)
GC Precious Log:
 CPUs: 4 total, 4 available
 Memory: 16276M
 Large Page Support: Disabled
 NUMA Support: Disabled
 Compressed Oops: Enabled (32-bit)
 Heap Region Size: 1M
 Heap Min Capacity: 8M
 Heap Initial Capacity: 256M
 Heap Max Capacity: 2G
 Pre-touch: Disabled
 Parallel Workers: 4
 Concurrent Workers: 1
 Concurrent Refinement Workers: 4
 Periodic GC: Disabled
Heap:
 garbage-first heap   total 152576K, used 81499K [0x0000000080000000, 0x0000000100000000)
  region size 1024K, 21 young (21504K), 3 survivors (3072K)
 Metaspace       used 79773K, committed 80384K, reserved 1122304K
  class space    used 11064K, committed 11328K, reserved 1048576K
GC Heap History (20 events):
Event: 10.345 GC heap before
{Heap before GC invocations=23 (full 0):
 garbage-first heap   total 73728K, used 50139K [0x0000000080000000, 0x0000000100000000)
  region size 1024K, 11 young (11264K), 1 survivors (1024K)
 Metaspace       used 64816K, committed 65408K, reserved 1105920K
  class space    used 9054K, committed 9344K, reserved 1048576K
}
Event: 10.347 GC heap after
{Heap after GC invocations=24 (full 0):
 garbage-first heap   total 73728K, used 41206K [0x0000000080000000, 0x0000000100000000)
  region size 1024K, 2 young (2048K), 2 survivors (2048K)
 Metaspace       used 64816K, committed 65408K, reserved 1105920K
  class space    used 9054K, committed 9344K, reserved 1048576K
}
Event: 10.459 GC heap before
{Heap before GC invocations=25 (full 0):
 garbage-first heap   total 81920K, used 49398K [0x0000000080000000, 0x0000000100000000)
  region size 1024K, 7 young (7168K), 2 survivors (2048K)
 Metaspace       used 64871K, committed 65408K, reserved 1105920K
  class space    used 9061K, committed 9344K, reserved 1048576K
}
Event: 10.461 GC heap after
{Heap after GC invocations=26 (full 0):
 garbage-first heap   total 81920K, used 49477K [0x0000000080000000, 0x0000000100000000)
  region size 1024K, 3 young (3072K), 3 survivors (3072K)
 Metaspace       used 64871K, committed 65408K, reserved 1105920K
  class space    used 9061K, committed 9344K, reserved 1048576K
}
Event: 10.660 GC heap before
{Heap before GC invocations=27 (full 0):
 garbage-first heap   total 97280K, used 64837K [0x0000000080000000, 0x0000000100000000)
  region size 1024K, 14 young (14336K), 3 survivors (3072K)
 Metaspace       used 65873K, committed 66432K, reserved 1105920K
  class space    used 9188K, committed 9472K, reserved 1048576K
}
Event: 10.663 GC heap after
{Heap after GC invocations=28 (full 0):
 garbage-first heap   total 97280K, used 56691K [0x0000000080000000, 0x0000000100000000)
  region size 1024K, 2 young (2048K), 2 survivors (2048K)
 Metaspace       used 65873K, committed 66432K, reserved 1105920K
  class space    used 9188K, committed 9472K, reserved 1048576K
}
Event: 10.904 GC heap before
{Heap before GC invocations=28 (full 0):
 garbage-first heap   total 97280K, used 70003K [0x0000000080000000, 0x0000000100000000)
  region size 1024K, 15 young (15360K), 2 survivors (2048K)
 Metaspace       used 67665K, committed 68224K, reserved 1114112K
  class space    used 9451K, committed 9728K, reserved 1048576K
}
Event: 10.906 GC heap after
{Heap after GC invocations=29 (full 0):
 garbage-first heap   total 97280K, used 57183K [0x0000000080000000, 0x0000000100000000)
  region size 1024K, 1 young (1024K), 1 survivors (1024K)
 Metaspace       used 67665K, committed 68224K, reserved 1114112K
  class space    used 9451K, committed 9728K, reserved 1048576K
}
Event: 11.180 GC heap before
{Heap before GC invocations=30 (full 0):
 garbage-first heap   total 102400K, used 70495K [0x0000000080000000, 0x0000000100000000)
  region size 1024K, 15 young (15360K), 1 survivors (1024K)
 Metaspace       used 69845K, committed 70464K, reserved 1114112K
  class space    used 9700K, committed 9984K, reserved 1048576K
}
Event: 11.184 GC heap after
{Heap after GC invocations=31 (full 0):
 garbage-first heap   total 102400K, used 57654K [0x0000000080000000, 0x0000000100000000)
  region size 1024K, 1 young (1024K), 1 survivors (1024K)
 Metaspace       used 69845K, committed 70464K, reserved 1114112K
  class space    used 9700K, committed 9984K, reserved 1048576K
}
Event: 11.660 GC heap before
{Heap before GC invocations=31 (full 0):
 garbage-first heap   total 102400K, used 76086K [0x0000000080000000, 0x0000000100000000)
  region size 1024K, 19 young (19456K), 1 survivors (1024K)
 Metaspace       used 73259K, committed 73856K, reserved 1114112K
  class space    used 10164K, committed 10432K, reserved 1048576K
}
Event: 11.663 GC heap after
{Heap after GC invocations=32 (full 0):
 garbage-first heap   total 102400K, used 58742K [0x0000000080000000, 0x0000000100000000)
  region size 1024K, 3 young (3072K), 3 survivors (3072K)
 Metaspace       used 73259K, committed 73856K, reserved 1114112K
  class space    used 10164K, committed 10432K, reserved 1048576K
}
Event: 11.836 GC heap before
{Heap before GC invocations=33 (full 0):
 garbage-first heap   total 107520K, used 67958K [0x0000000080000000, 0x0000000100000000)
  region size 1024K, 13 young (13312K), 3 survivors (3072K)
 Metaspace       used 74206K, committed 74880K, reserved 1114112K
  class space    used 10299K, committed 10624K, reserved 1048576K
}
Event: 11.841 GC heap after
{Heap after GC invocations=34 (full 0):
 garbage-first heap   total 107520K, used 60087K [0x0000000080000000, 0x0000000100000000)
  region size 1024K, 3 young (3072K), 3 survivors (3072K)
 Metaspace       used 74206K, committed 74880K, reserved 1114112K
  class space    used 10299K, committed 10624K, reserved 1048576K
}
Event: 11.921 GC heap before
{Heap before GC invocations=35 (full 0):
 garbage-first heap   total 109568K, used 64183K [0x0000000080000000, 0x0000000100000000)
  region size 1024K, 7 young (7168K), 3 survivors (3072K)
 Metaspace       used 74206K, committed 74880K, reserved 1114112K
  class space    used 10299K, committed 10624K, reserved 1048576K
}
Event: 11.925 GC heap after
{Heap after GC invocations=36 (full 0):
 garbage-first heap   total 109568K, used 62741K [0x0000000080000000, 0x0000000100000000)
  region size 1024K, 3 young (3072K), 3 survivors (3072K)
 Metaspace       used 74206K, committed 74880K, reserved 1114112K
  class space    used 10299K, committed 10624K, reserved 1048576K
}
Event: 12.167 GC heap before
{Heap before GC invocations=37 (full 0):
 garbage-first heap   total 126976K, used 84245K [0x0000000080000000, 0x0000000100000000)
  region size 1024K, 20 young (20480K), 3 survivors (3072K)
 Metaspace       used 75251K, committed 75904K, reserved 1122304K
  class space    used 10445K, committed 10752K, reserved 1048576K
}
Event: 12.170 GC heap after
{Heap after GC invocations=38 (full 0):
 garbage-first heap   total 126976K, used 62385K [0x0000000080000000, 0x0000000100000000)
  region size 1024K, 2 young (2048K), 2 survivors (2048K)
 Metaspace       used 75251K, committed 75904K, reserved 1122304K
  class space    used 10445K, committed 10752K, reserved 1048576K
}
Event: 12.569 GC heap before
{Heap before GC invocations=38 (full 0):
 garbage-first heap   total 126976K, used 91057K [0x0000000080000000, 0x0000000100000000)
  region size 1024K, 30 young (30720K), 2 survivors (2048K)
 Metaspace       used 77963K, committed 78592K, reserved 1122304K
  class space    used 10799K, committed 11136K, reserved 1048576K
}
Event: 12.573 GC heap after
{Heap after GC invocations=39 (full 0):
 garbage-first heap   total 152576K, used 64091K [0x0000000080000000, 0x0000000100000000)
  region size 1024K, 3 young (3072K), 3 survivors (3072K)
 Metaspace       used 77963K, committed 78592K, reserved 1122304K
  class space    used 10799K, committed 11136K, reserved 1048576K
}

