# JRE version: OpenJDK Runtime Environment (17.0.6) (build 17.0.6+0-b2043.56-10027231)
# Java VM: OpenJDK 64-Bit Server VM (17.0.6+0-b2043.56-10027231, mixed mode, tiered, compressed oops, compressed class ptrs, g1 gc, windows-amd64)
GC Precious Log:
 CPUs: 4 total, 4 available
 Memory: 16276M
 Large Page Support: Disabled
 NUMA Support: Disabled
 Compressed Oops: Enabled (32-bit)
 Heap Region Size: 1M
 Heap Min Capacity: 8M
 Heap Initial Capacity: 256M
 Heap Max Capacity: 2G
 Pre-touch: Disabled
 Parallel Workers: 4
 Concurrent Workers: 1
 Concurrent Refinement Workers: 4
 Periodic GC: Disabled
Heap:
 garbage-first heap   total 372736K, used 299520K [0x0000000080000000, 0x0000000100000000)
  region size 1024K, 3 young (3072K), 3 survivors (3072K)
 Metaspace       used 191887K, committed 192768K, reserved 1220608K
  class space    used 24849K, committed 25280K, reserved 1048576K
GC Heap History (20 events):
Event: 54.225 GC heap after
{Heap after GC invocations=83 (full 0):
 garbage-first heap   total 372736K, used 183197K [0x0000000080000000, 0x0000000100000000)
  region size 1024K, 2 young (2048K), 2 survivors (2048K)
 Metaspace       used 190087K, committed 190976K, reserved 1220608K
  class space    used 24630K, committed 25088K, reserved 1048576K
}
Event: 55.184 GC heap before
{Heap before GC invocations=83 (full 0):
 garbage-first heap   total 372736K, used 323485K [0x0000000080000000, 0x0000000100000000)
  region size 1024K, 139 young (142336K), 2 survivors (2048K)
 Metaspace       used 190104K, committed 191040K, reserved 1220608K
  class space    used 24630K, committed 25088K, reserved 1048576K
}
Event: 55.189 GC heap after
{Heap after GC invocations=84 (full 0):
 garbage-first heap   total 372736K, used 183863K [0x0000000080000000, 0x0000000100000000)
  region size 1024K, 3 young (3072K), 3 survivors (3072K)
 Metaspace       used 190104K, committed 191040K, reserved 1220608K
  class space    used 24630K, committed 25088K, reserved 1048576K
}
Event: 56.506 GC heap before
{Heap before GC invocations=84 (full 0):
 garbage-first heap   total 372736K, used 325175K [0x0000000080000000, 0x0000000100000000)
  region size 1024K, 140 young (143360K), 3 survivors (3072K)
 Metaspace       used 190597K, committed 191488K, reserved 1220608K
  class space    used 24710K, committed 25152K, reserved 1048576K
}
Event: 56.510 GC heap after
{Heap after GC invocations=85 (full 0):
 garbage-first heap   total 372736K, used 183912K [0x0000000080000000, 0x0000000100000000)
  region size 1024K, 3 young (3072K), 3 survivors (3072K)
 Metaspace       used 190597K, committed 191488K, reserved 1220608K
  class space    used 24710K, committed 25152K, reserved 1048576K
}
Event: 57.856 GC heap before
{Heap before GC invocations=85 (full 0):
 garbage-first heap   total 372736K, used 325224K [0x0000000080000000, 0x0000000100000000)
  region size 1024K, 141 young (144384K), 3 survivors (3072K)
 Metaspace       used 190622K, committed 191488K, reserved 1220608K
  class space    used 24711K, committed 25152K, reserved 1048576K
}
Event: 57.862 GC heap after
{Heap after GC invocations=86 (full 0):
 garbage-first heap   total 372736K, used 184394K [0x0000000080000000, 0x0000000100000000)
  region size 1024K, 3 young (3072K), 3 survivors (3072K)
 Metaspace       used 190622K, committed 191488K, reserved 1220608K
  class space    used 24711K, committed 25152K, reserved 1048576K
}
Event: 58.885 GC heap before
{Heap before GC invocations=86 (full 0):
 garbage-first heap   total 372736K, used 256074K [0x0000000080000000, 0x0000000100000000)
  region size 1024K, 69 young (70656K), 3 survivors (3072K)
 Metaspace       used 190945K, committed 191872K, reserved 1220608K
  class space    used 24742K, committed 25216K, reserved 1048576K
}
Event: 58.891 GC heap after
{Heap after GC invocations=87 (full 0):
 garbage-first heap   total 372736K, used 190716K [0x0000000080000000, 0x0000000100000000)
  region size 1024K, 5 young (5120K), 5 survivors (5120K)
 Metaspace       used 190945K, committed 191872K, reserved 1220608K
  class space    used 24742K, committed 25216K, reserved 1048576K
}
Event: 59.248 GC heap before
{Heap before GC invocations=87 (full 0):
 garbage-first heap   total 372736K, used 200956K [0x0000000080000000, 0x0000000100000000)
  region size 1024K, 9 young (9216K), 5 survivors (5120K)
 Metaspace       used 191249K, committed 192192K, reserved 1220608K
  class space    used 24800K, committed 25280K, reserved 1048576K
}
Event: 59.253 GC heap after
{Heap after GC invocations=88 (full 0):
 garbage-first heap   total 372736K, used 202218K [0x0000000080000000, 0x0000000100000000)
  region size 1024K, 8 young (8192K), 8 survivors (8192K)
 Metaspace       used 191249K, committed 192192K, reserved 1220608K
  class space    used 24800K, committed 25280K, reserved 1048576K
}
Event: 59.861 GC heap before
{Heap before GC invocations=88 (full 0):
 garbage-first heap   total 372736K, used 298474K [0x0000000080000000, 0x0000000100000000)
  region size 1024K, 72 young (73728K), 8 survivors (8192K)
 Metaspace       used 191406K, committed 192320K, reserved 1220608K
  class space    used 24812K, committed 25280K, reserved 1048576K
}
Event: 59.885 GC heap after
{Heap after GC invocations=89 (full 0):
 garbage-first heap   total 372736K, used 237891K [0x0000000080000000, 0x0000000100000000)
  region size 1024K, 9 young (9216K), 9 survivors (9216K)
 Metaspace       used 191406K, committed 192320K, reserved 1220608K
  class space    used 24812K, committed 25280K, reserved 1048576K
}
Event: 60.277 GC heap before
{Heap before GC invocations=89 (full 0):
 garbage-first heap   total 372736K, used 283971K [0x0000000080000000, 0x0000000100000000)
  region size 1024K, 55 young (56320K), 9 survivors (9216K)
 Metaspace       used 191804K, committed 192704K, reserved 1220608K
  class space    used 24845K, committed 25280K, reserved 1048576K
}
Event: 60.305 GC heap after
{Heap after GC invocations=90 (full 0):
 garbage-first heap   total 372736K, used 260775K [0x0000000080000000, 0x0000000100000000)
  region size 1024K, 7 young (7168K), 7 survivors (7168K)
 Metaspace       used 191804K, committed 192704K, reserved 1220608K
  class space    used 24845K, committed 25280K, reserved 1048576K
}
Event: 60.448 GC heap before
{Heap before GC invocations=90 (full 0):
 garbage-first heap   total 372736K, used 293543K [0x0000000080000000, 0x0000000100000000)
  region size 1024K, 40 young (40960K), 7 survivors (7168K)
 Metaspace       used 191812K, committed 192704K, reserved 1220608K
  class space    used 24845K, committed 25280K, reserved 1048576K
}
Event: 60.476 GC heap after
{Heap after GC invocations=91 (full 0):
 garbage-first heap   total 372736K, used 278528K [0x0000000080000000, 0x0000000100000000)
  region size 1024K, 5 young (5120K), 5 survivors (5120K)
 Metaspace       used 191812K, committed 192704K, reserved 1220608K
  class space    used 24845K, committed 25280K, reserved 1048576K
}
Event: 60.604 GC heap before
{Heap before GC invocations=91 (full 0):
 garbage-first heap   total 372736K, used 303104K [0x0000000080000000, 0x0000000100000000)
  region size 1024K, 30 young (30720K), 5 survivors (5120K)
 Metaspace       used 191814K, committed 192704K, reserved 1220608K
  class space    used 24845K, committed 25280K, reserved 1048576K
}
Event: 60.629 GC heap after
{Heap after GC invocations=92 (full 0):
 garbage-first heap   total 372736K, used 292352K [0x0000000080000000, 0x0000000100000000)
  region size 1024K, 4 young (4096K), 4 survivors (4096K)
 Metaspace       used 191814K, committed 192704K, reserved 1220608K
  class space    used 24845K, committed 25280K, reserved 1048576K
}
Event: 60.781 GC heap before
{Heap before GC invocations=92 (full 0):
 garbage-first heap   total 372736K, used 309760K [0x0000000080000000, 0x0000000100000000)
  region size 1024K, 22 young (22528K), 4 survivors (4096K)
 Metaspace       used 191887K, committed 192768K, reserved 1220608K
  class space    used 24849K, committed 25280K, reserved 1048576K
}

