# JRE version: OpenJDK Runtime Environment (17.0.6) (build 17.0.6+0-b2043.56-10027231)
# Java VM: OpenJDK 64-Bit Server VM (17.0.6+0-b2043.56-10027231, mixed mode, tiered, compressed oops, compressed class ptrs, g1 gc, windows-amd64)
GC Precious Log:
 CPUs: 4 total, 4 available
 Memory: 16276M
 Large Page Support: Disabled
 NUMA Support: Disabled
 Compressed Oops: Enabled (32-bit)
 Heap Region Size: 1M
 Heap Min Capacity: 8M
 Heap Initial Capacity: 256M
 Heap Max Capacity: 2G
 Pre-touch: Disabled
 Parallel Workers: 4
 Concurrent Workers: 1
 Concurrent Refinement Workers: 4
 Periodic GC: Disabled
Heap:
 garbage-first heap   total 166912K, used 87304K [0x0000000080000000, 0x0000000100000000)
  region size 1024K, 52 young (53248K), 8 survivors (8192K)
 Metaspace       used 53787K, committed 54208K, reserved 1097728K
  class space    used 7167K, committed 7360K, reserved 1048576K
GC Heap History (20 events):
Event: 3.473 GC heap before
{Heap before GC invocations=3 (full 0):
 garbage-first heap   total 262144K, used 51437K [0x0000000080000000, 0x0000000100000000)
  region size 1024K, 42 young (43008K), 4 survivors (4096K)
 Metaspace       used 21209K, committed 21504K, reserved 1073152K
  class space    used 2571K, committed 2752K, reserved 1048576K
}
Event: 3.478 GC heap after
{Heap after GC invocations=4 (full 0):
 garbage-first heap   total 262144K, used 18206K [0x0000000080000000, 0x0000000100000000)
  region size 1024K, 8 young (8192K), 8 survivors (8192K)
 Metaspace       used 21209K, committed 21504K, reserved 1073152K
  class space    used 2571K, committed 2752K, reserved 1048576K
}
Event: 4.064 GC heap before
{Heap before GC invocations=5 (full 0):
 garbage-first heap   total 68608K, used 49950K [0x0000000080000000, 0x0000000100000000)
  region size 1024K, 40 young (40960K), 8 survivors (8192K)
 Metaspace       used 26259K, committed 26496K, reserved 1073152K
  class space    used 3449K, committed 3584K, reserved 1048576K
}
Event: 4.071 GC heap after
{Heap after GC invocations=6 (full 0):
 garbage-first heap   total 68608K, used 20233K [0x0000000080000000, 0x0000000100000000)
  region size 1024K, 3 young (3072K), 3 survivors (3072K)
 Metaspace       used 26259K, committed 26496K, reserved 1073152K
  class space    used 3449K, committed 3584K, reserved 1048576K
}
Event: 4.090 GC heap before
{Heap before GC invocations=6 (full 0):
 garbage-first heap   total 68608K, used 20233K [0x0000000080000000, 0x0000000100000000)
  region size 1024K, 4 young (4096K), 3 survivors (3072K)
 Metaspace       used 26453K, committed 26752K, reserved 1073152K
  class space    used 3484K, committed 3648K, reserved 1048576K
}
Event: 4.093 GC heap after
{Heap after GC invocations=7 (full 0):
 garbage-first heap   total 68608K, used 20599K [0x0000000080000000, 0x0000000100000000)
  region size 1024K, 1 young (1024K), 1 survivors (1024K)
 Metaspace       used 26453K, committed 26752K, reserved 1073152K
  class space    used 3484K, committed 3648K, reserved 1048576K
}
Event: 4.685 GC heap before
{Heap before GC invocations=7 (full 0):
 garbage-first heap   total 68608K, used 47223K [0x0000000080000000, 0x0000000100000000)
  region size 1024K, 27 young (27648K), 1 survivors (1024K)
 Metaspace       used 30577K, committed 30912K, reserved 1081344K
  class space    used 4157K, committed 4288K, reserved 1048576K
}
Event: 4.688 GC heap after
{Heap after GC invocations=8 (full 0):
 garbage-first heap   total 68608K, used 21793K [0x0000000080000000, 0x0000000100000000)
  region size 1024K, 2 young (2048K), 2 survivors (2048K)
 Metaspace       used 30577K, committed 30912K, reserved 1081344K
  class space    used 4157K, committed 4288K, reserved 1048576K
}
Event: 5.330 GC heap before
{Heap before GC invocations=8 (full 0):
 garbage-first heap   total 68608K, used 48417K [0x0000000080000000, 0x0000000100000000)
  region size 1024K, 29 young (29696K), 2 survivors (2048K)
 Metaspace       used 35274K, committed 35648K, reserved 1081344K
  class space    used 4868K, committed 5056K, reserved 1048576K
}
Event: 5.335 GC heap after
{Heap after GC invocations=9 (full 0):
 garbage-first heap   total 68608K, used 23848K [0x0000000080000000, 0x0000000100000000)
  region size 1024K, 4 young (4096K), 4 survivors (4096K)
 Metaspace       used 35274K, committed 35648K, reserved 1081344K
  class space    used 4868K, committed 5056K, reserved 1048576K
}
Event: 5.349 GC heap before
{Heap before GC invocations=9 (full 0):
 garbage-first heap   total 68608K, used 23848K [0x0000000080000000, 0x0000000100000000)
  region size 1024K, 6 young (6144K), 4 survivors (4096K)
 Metaspace       used 35608K, committed 35968K, reserved 1081344K
  class space    used 4874K, committed 5056K, reserved 1048576K
}
Event: 5.353 GC heap after
{Heap after GC invocations=10 (full 0):
 garbage-first heap   total 68608K, used 24359K [0x0000000080000000, 0x0000000100000000)
  region size 1024K, 3 young (3072K), 3 survivors (3072K)
 Metaspace       used 35608K, committed 35968K, reserved 1081344K
  class space    used 4874K, committed 5056K, reserved 1048576K
}
Event: 5.813 GC heap before
{Heap before GC invocations=11 (full 0):
 garbage-first heap   total 68608K, used 47911K [0x0000000080000000, 0x0000000100000000)
  region size 1024K, 27 young (27648K), 3 survivors (3072K)
 Metaspace       used 40463K, committed 40768K, reserved 1089536K
  class space    used 5362K, committed 5504K, reserved 1048576K
}
Event: 5.817 GC heap after
{Heap after GC invocations=12 (full 0):
 garbage-first heap   total 68608K, used 27690K [0x0000000080000000, 0x0000000100000000)
  region size 1024K, 4 young (4096K), 4 survivors (4096K)
 Metaspace       used 40463K, committed 40768K, reserved 1089536K
  class space    used 5362K, committed 5504K, reserved 1048576K
}
Event: 5.820 GC heap before
{Heap before GC invocations=12 (full 0):
 garbage-first heap   total 68608K, used 28714K [0x0000000080000000, 0x0000000100000000)
  region size 1024K, 5 young (5120K), 4 survivors (4096K)
 Metaspace       used 40463K, committed 40768K, reserved 1089536K
  class space    used 5362K, committed 5504K, reserved 1048576K
}
Event: 5.824 GC heap after
{Heap after GC invocations=13 (full 0):
 garbage-first heap   total 68608K, used 27234K [0x0000000080000000, 0x0000000100000000)
  region size 1024K, 1 young (1024K), 1 survivors (1024K)
 Metaspace       used 40463K, committed 40768K, reserved 1089536K
  class space    used 5362K, committed 5504K, reserved 1048576K
}
Event: 6.183 GC heap before
{Heap before GC invocations=13 (full 0):
 garbage-first heap   total 68608K, used 52834K [0x0000000080000000, 0x0000000100000000)
  region size 1024K, 23 young (23552K), 1 survivors (1024K)
 Metaspace       used 43017K, committed 43520K, reserved 1089536K
  class space    used 5642K, committed 5888K, reserved 1048576K
}
Event: 6.187 GC heap after
{Heap after GC invocations=14 (full 0):
 garbage-first heap   total 166912K, used 29326K [0x0000000080000000, 0x0000000100000000)
  region size 1024K, 3 young (3072K), 3 survivors (3072K)
 Metaspace       used 43017K, committed 43520K, reserved 1089536K
  class space    used 5642K, committed 5888K, reserved 1048576K
}
Event: 7.860 GC heap before
{Heap before GC invocations=14 (full 0):
 garbage-first heap   total 166912K, used 109198K [0x0000000080000000, 0x0000000100000000)
  region size 1024K, 81 young (82944K), 3 survivors (3072K)
 Metaspace       used 52496K, committed 52992K, reserved 1097728K
  class space    used 7033K, committed 7232K, reserved 1048576K
}
Event: 7.867 GC heap after
{Heap after GC invocations=15 (full 0):
 garbage-first heap   total 166912K, used 34056K [0x0000000080000000, 0x0000000100000000)
  region size 1024K, 8 young (8192K), 8 survivors (8192K)
 Metaspace       used 52496K, committed 52992K, reserved 1097728K
  class space    used 7033K, committed 7232K, reserved 1048576K
}

