# JRE version: OpenJDK Runtime Environment (17.0.6) (build 17.0.6+0-b2043.56-10027231)
# Java VM: OpenJDK 64-Bit Server VM (17.0.6+0-b2043.56-10027231, mixed mode, tiered, compressed oops, compressed class ptrs, g1 gc, windows-amd64)
GC Precious Log:
 CPUs: 4 total, 4 available
 Memory: 16276M
 Large Page Support: Disabled
 NUMA Support: Disabled
 Compressed Oops: Enabled (32-bit)
 Heap Region Size: 1M
 Heap Min Capacity: 8M
 Heap Initial Capacity: 256M
 Heap Max Capacity: 2G
 Pre-touch: Disabled
 Parallel Workers: 4
 Concurrent Workers: 1
 Concurrent Refinement Workers: 4
 Periodic GC: Disabled
Heap:
 garbage-first heap   total 244736K, used 185635K [0x0000000080000000, 0x0000000100000000)
  region size 1024K, 6 young (6144K), 4 survivors (4096K)
 Metaspace       used 143071K, committed 144000K, reserved 1179648K
  class space    used 19148K, committed 19584K, reserved 1048576K
GC Heap History (20 events):
Event: 82.181 GC heap before
{Heap before GC invocations=55 (full 0):
 garbage-first heap   total 244736K, used 204305K [0x0000000080000000, 0x0000000100000000)
  region size 1024K, 55 young (56320K), 4 survivors (4096K)
 Metaspace       used 123364K, committed 124224K, reserved 1163264K
  class space    used 16347K, committed 16768K, reserved 1048576K
}
Event: 82.188 GC heap after
{Heap after GC invocations=56 (full 0):
 garbage-first heap   total 244736K, used 155845K [0x0000000080000000, 0x0000000100000000)
  region size 1024K, 7 young (7168K), 7 survivors (7168K)
 Metaspace       used 123364K, committed 124224K, reserved 1163264K
  class space    used 16347K, committed 16768K, reserved 1048576K
}
Event: 82.641 GC heap before
{Heap before GC invocations=56 (full 0):
 garbage-first heap   total 244736K, used 202949K [0x0000000080000000, 0x0000000100000000)
  region size 1024K, 54 young (55296K), 7 survivors (7168K)
 Metaspace       used 128728K, committed 129536K, reserved 1163264K
  class space    used 17086K, committed 17472K, reserved 1048576K
}
Event: 82.657 GC heap after
{Heap after GC invocations=57 (full 0):
 garbage-first heap   total 244736K, used 163513K [0x0000000080000000, 0x0000000100000000)
  region size 1024K, 7 young (7168K), 7 survivors (7168K)
 Metaspace       used 128728K, committed 129536K, reserved 1163264K
  class space    used 17086K, committed 17472K, reserved 1048576K
}
Event: 83.125 GC heap before
{Heap before GC invocations=57 (full 0):
 garbage-first heap   total 244736K, used 204473K [0x0000000080000000, 0x0000000100000000)
  region size 1024K, 47 young (48128K), 7 survivors (7168K)
 Metaspace       used 134687K, committed 135552K, reserved 1171456K
  class space    used 18091K, committed 18496K, reserved 1048576K
}
Event: 83.135 GC heap after
{Heap after GC invocations=58 (full 0):
 garbage-first heap   total 244736K, used 166885K [0x0000000080000000, 0x0000000100000000)
  region size 1024K, 4 young (4096K), 4 survivors (4096K)
 Metaspace       used 134687K, committed 135552K, reserved 1171456K
  class space    used 18091K, committed 18496K, reserved 1048576K
}
Event: 83.725 GC heap before
{Heap before GC invocations=58 (full 0):
 garbage-first heap   total 244736K, used 204773K [0x0000000080000000, 0x0000000100000000)
  region size 1024K, 42 young (43008K), 4 survivors (4096K)
 Metaspace       used 136757K, committed 137600K, reserved 1171456K
  class space    used 18305K, committed 18688K, reserved 1048576K
}
Event: 83.731 GC heap after
{Heap after GC invocations=59 (full 0):
 garbage-first heap   total 244736K, used 167122K [0x0000000080000000, 0x0000000100000000)
  region size 1024K, 4 young (4096K), 4 survivors (4096K)
 Metaspace       used 136757K, committed 137600K, reserved 1171456K
  class space    used 18305K, committed 18688K, reserved 1048576K
}
Event: 84.040 GC heap before
{Heap before GC invocations=59 (full 0):
 garbage-first heap   total 244736K, used 207058K [0x0000000080000000, 0x0000000100000000)
  region size 1024K, 44 young (45056K), 4 survivors (4096K)
 Metaspace       used 137784K, committed 138688K, reserved 1171456K
  class space    used 18428K, committed 18880K, reserved 1048576K
}
Event: 84.052 GC heap after
{Heap after GC invocations=60 (full 0):
 garbage-first heap   total 244736K, used 172450K [0x0000000080000000, 0x0000000100000000)
  region size 1024K, 6 young (6144K), 6 survivors (6144K)
 Metaspace       used 137784K, committed 138688K, reserved 1171456K
  class space    used 18428K, committed 18880K, reserved 1048576K
}
Event: 84.440 GC heap before
{Heap before GC invocations=60 (full 0):
 garbage-first heap   total 244736K, used 206242K [0x0000000080000000, 0x0000000100000000)
  region size 1024K, 40 young (40960K), 6 survivors (6144K)
 Metaspace       used 139067K, committed 139904K, reserved 1171456K
  class space    used 18603K, committed 19008K, reserved 1048576K
}
Event: 84.450 GC heap after
{Heap after GC invocations=61 (full 0):
 garbage-first heap   total 244736K, used 175481K [0x0000000080000000, 0x0000000100000000)
  region size 1024K, 4 young (4096K), 4 survivors (4096K)
 Metaspace       used 139067K, committed 139904K, reserved 1171456K
  class space    used 18603K, committed 19008K, reserved 1048576K
}
Event: 84.991 GC heap before
{Heap before GC invocations=61 (full 0):
 garbage-first heap   total 244736K, used 208249K [0x0000000080000000, 0x0000000100000000)
  region size 1024K, 36 young (36864K), 4 survivors (4096K)
 Metaspace       used 139467K, committed 140416K, reserved 1171456K
  class space    used 18627K, committed 19072K, reserved 1048576K
}
Event: 84.994 GC heap after
{Heap after GC invocations=62 (full 0):
 garbage-first heap   total 244736K, used 173898K [0x0000000080000000, 0x0000000100000000)
  region size 1024K, 1 young (1024K), 1 survivors (1024K)
 Metaspace       used 139467K, committed 140416K, reserved 1171456K
  class space    used 18627K, committed 19072K, reserved 1048576K
}
Event: 85.607 GC heap before
{Heap before GC invocations=62 (full 0):
 garbage-first heap   total 244736K, used 208714K [0x0000000080000000, 0x0000000100000000)
  region size 1024K, 36 young (36864K), 1 survivors (1024K)
 Metaspace       used 140863K, committed 141760K, reserved 1171456K
  class space    used 18869K, committed 19328K, reserved 1048576K
}
Event: 85.614 GC heap after
{Heap after GC invocations=63 (full 0):
 garbage-first heap   total 244736K, used 181044K [0x0000000080000000, 0x0000000100000000)
  region size 1024K, 5 young (5120K), 5 survivors (5120K)
 Metaspace       used 140863K, committed 141760K, reserved 1171456K
  class space    used 18869K, committed 19328K, reserved 1048576K
}
Event: 86.071 GC heap before
{Heap before GC invocations=63 (full 0):
 garbage-first heap   total 244736K, used 214836K [0x0000000080000000, 0x0000000100000000)
  region size 1024K, 23 young (23552K), 5 survivors (5120K)
 Metaspace       used 142025K, committed 143040K, reserved 1179648K
  class space    used 19027K, committed 19520K, reserved 1048576K
}
Event: 86.078 GC heap after
{Heap after GC invocations=64 (full 0):
 garbage-first heap   total 244736K, used 188256K [0x0000000080000000, 0x0000000100000000)
  region size 1024K, 3 young (3072K), 3 survivors (3072K)
 Metaspace       used 142025K, committed 143040K, reserved 1179648K
  class space    used 19027K, committed 19520K, reserved 1048576K
}
Event: 184.650 GC heap before
{Heap before GC invocations=64 (full 0):
 garbage-first heap   total 244736K, used 213856K [0x0000000080000000, 0x0000000100000000)
  region size 1024K, 23 young (23552K), 3 survivors (3072K)
 Metaspace       used 142714K, committed 143616K, reserved 1179648K
  class space    used 19130K, committed 19584K, reserved 1048576K
}
Event: 184.655 GC heap after
{Heap after GC invocations=65 (full 0):
 garbage-first heap   total 244736K, used 182004K [0x0000000080000000, 0x0000000100000000)
  region size 1024K, 1 young (1024K), 1 survivors (1024K)
 Metaspace       used 142714K, committed 143616K, reserved 1179648K
  class space    used 19130K, committed 19584K, reserved 1048576K
}

