# JRE version: OpenJDK Runtime Environment (17.0.6) (build 17.0.6+0-b2043.56-10027231)
# Java VM: OpenJDK 64-Bit Server VM (17.0.6+0-b2043.56-10027231, mixed mode, tiered, compressed oops, compressed class ptrs, g1 gc, windows-amd64)
GC Precious Log:
 CPUs: 4 total, 4 available
 Memory: 16276M
 Large Page Support: Disabled
 NUMA Support: Disabled
 Compressed Oops: Enabled (32-bit)
 Heap Region Size: 1M
 Heap Min Capacity: 8M
 Heap Initial Capacity: 256M
 Heap Max Capacity: 2G
 Pre-touch: Disabled
 Parallel Workers: 4
 Concurrent Workers: 1
 Concurrent Refinement Workers: 4
 Periodic GC: Disabled
Heap:
 garbage-first heap   total 437248K, used 308770K [0x0000000080000000, 0x0000000100000000)
  region size 1024K, 47 young (48128K), 3 survivors (3072K)
 Metaspace       used 112485K, committed 113216K, reserved 1146880K
  class space    used 15407K, committed 15808K, reserved 1048576K
GC Heap History (20 events):
Event: 19.590 GC heap before
{Heap before GC invocations=47 (full 0):
 garbage-first heap   total 150528K, used 120647K [0x0000000080000000, 0x0000000100000000)
  region size 1024K, 38 young (38912K), 6 survivors (6144K)
 Metaspace       used 95860K, committed 96448K, reserved 1138688K
  class space    used 13161K, committed 13440K, reserved 1048576K
}
Event: 19.598 GC heap after
{Heap after GC invocations=48 (full 0):
 garbage-first heap   total 301056K, used 93446K [0x0000000080000000, 0x0000000100000000)
  region size 1024K, 5 young (5120K), 5 survivors (5120K)
 Metaspace       used 95860K, committed 96448K, reserved 1138688K
  class space    used 13161K, committed 13440K, reserved 1048576K
}
Event: 21.645 GC heap before
{Heap before GC invocations=48 (full 0):
 garbage-first heap   total 301056K, used 230662K [0x0000000080000000, 0x0000000100000000)
  region size 1024K, 139 young (142336K), 5 survivors (5120K)
 Metaspace       used 99002K, committed 99712K, reserved 1138688K
  class space    used 13453K, committed 13824K, reserved 1048576K
}
Event: 21.662 GC heap after
{Heap after GC invocations=49 (full 0):
 garbage-first heap   total 301056K, used 103218K [0x0000000080000000, 0x0000000100000000)
  region size 1024K, 14 young (14336K), 14 survivors (14336K)
 Metaspace       used 99002K, committed 99712K, reserved 1138688K
  class space    used 13453K, committed 13824K, reserved 1048576K
}
Event: 23.611 GC heap before
{Heap before GC invocations=49 (full 0):
 garbage-first heap   total 301056K, used 268082K [0x0000000080000000, 0x0000000100000000)
  region size 1024K, 133 young (136192K), 14 survivors (14336K)
 Metaspace       used 105464K, committed 106176K, reserved 1146880K
  class space    used 14502K, committed 14848K, reserved 1048576K
}
Event: 23.655 GC heap after
{Heap after GC invocations=50 (full 0):
 garbage-first heap   total 320512K, used 165517K [0x0000000080000000, 0x0000000100000000)
  region size 1024K, 17 young (17408K), 17 survivors (17408K)
 Metaspace       used 105464K, committed 106176K, reserved 1146880K
  class space    used 14502K, committed 14848K, reserved 1048576K
}
Event: 24.282 GC heap before
{Heap before GC invocations=50 (full 0):
 garbage-first heap   total 320512K, used 240269K [0x0000000080000000, 0x0000000100000000)
  region size 1024K, 91 young (93184K), 17 survivors (17408K)
 Metaspace       used 105573K, committed 106240K, reserved 1146880K
  class space    used 14503K, committed 14848K, reserved 1048576K
}
Event: 24.346 GC heap after
{Heap after GC invocations=51 (full 0):
 garbage-first heap   total 320512K, used 203264K [0x0000000080000000, 0x0000000100000000)
  region size 1024K, 12 young (12288K), 12 survivors (12288K)
 Metaspace       used 105573K, committed 106240K, reserved 1146880K
  class space    used 14503K, committed 14848K, reserved 1048576K
}
Event: 24.991 GC heap before
{Heap before GC invocations=51 (full 0):
 garbage-first heap   total 320512K, used 248320K [0x0000000080000000, 0x0000000100000000)
  region size 1024K, 56 young (57344K), 12 survivors (12288K)
 Metaspace       used 108353K, committed 109056K, reserved 1146880K
  class space    used 14888K, committed 15232K, reserved 1048576K
}
Event: 25.016 GC heap after
{Heap after GC invocations=52 (full 0):
 garbage-first heap   total 320512K, used 218752K [0x0000000080000000, 0x0000000100000000)
  region size 1024K, 7 young (7168K), 7 survivors (7168K)
 Metaspace       used 108353K, committed 109056K, reserved 1146880K
  class space    used 14888K, committed 15232K, reserved 1048576K
}
Event: 25.562 GC heap before
{Heap before GC invocations=52 (full 0):
 garbage-first heap   total 320512K, used 254592K [0x0000000080000000, 0x0000000100000000)
  region size 1024K, 43 young (44032K), 7 survivors (7168K)
 Metaspace       used 109307K, committed 110080K, reserved 1146880K
  class space    used 15029K, committed 15424K, reserved 1048576K
}
Event: 25.591 GC heap after
{Heap after GC invocations=53 (full 0):
 garbage-first heap   total 320512K, used 224932K [0x0000000080000000, 0x0000000100000000)
  region size 1024K, 6 young (6144K), 6 survivors (6144K)
 Metaspace       used 109307K, committed 110080K, reserved 1146880K
  class space    used 15029K, committed 15424K, reserved 1048576K
}
Event: 25.992 GC heap before
{Heap before GC invocations=53 (full 0):
 garbage-first heap   total 320512K, used 259748K [0x0000000080000000, 0x0000000100000000)
  region size 1024K, 41 young (41984K), 6 survivors (6144K)
 Metaspace       used 110139K, committed 110848K, reserved 1146880K
  class space    used 15133K, committed 15488K, reserved 1048576K
}
Event: 26.002 GC heap after
{Heap after GC invocations=54 (full 0):
 garbage-first heap   total 320512K, used 228274K [0x0000000080000000, 0x0000000100000000)
  region size 1024K, 4 young (4096K), 4 survivors (4096K)
 Metaspace       used 110139K, committed 110848K, reserved 1146880K
  class space    used 15133K, committed 15488K, reserved 1048576K
}
Event: 26.695 GC heap before
{Heap before GC invocations=54 (full 0):
 garbage-first heap   total 320512K, used 270258K [0x0000000080000000, 0x0000000100000000)
  region size 1024K, 39 young (39936K), 4 survivors (4096K)
 Metaspace       used 110401K, committed 111168K, reserved 1146880K
  class space    used 15162K, committed 15552K, reserved 1048576K
}
Event: 26.711 GC heap after
{Heap after GC invocations=55 (full 0):
 garbage-first heap   total 437248K, used 238380K [0x0000000080000000, 0x0000000100000000)
  region size 1024K, 5 young (5120K), 5 survivors (5120K)
 Metaspace       used 110401K, committed 111168K, reserved 1146880K
  class space    used 15162K, committed 15552K, reserved 1048576K
}
Event: 28.742 GC heap before
{Heap before GC invocations=55 (full 0):
 garbage-first heap   total 437248K, used 358188K [0x0000000080000000, 0x0000000100000000)
  region size 1024K, 102 young (104448K), 5 survivors (5120K)
 Metaspace       used 111160K, committed 111936K, reserved 1146880K
  class space    used 15254K, committed 15616K, reserved 1048576K
}
Event: 28.766 GC heap after
{Heap after GC invocations=56 (full 0):
 garbage-first heap   total 437248K, used 272789K [0x0000000080000000, 0x0000000100000000)
  region size 1024K, 13 young (13312K), 13 survivors (13312K)
 Metaspace       used 111160K, committed 111936K, reserved 1146880K
  class space    used 15254K, committed 15616K, reserved 1048576K
}
Event: 30.373 GC heap before
{Heap before GC invocations=56 (full 0):
 garbage-first heap   total 437248K, used 381333K [0x0000000080000000, 0x0000000100000000)
  region size 1024K, 87 young (89088K), 13 survivors (13312K)
 Metaspace       used 111580K, committed 112320K, reserved 1146880K
  class space    used 15305K, committed 15680K, reserved 1048576K
}
Event: 30.386 GC heap after
{Heap after GC invocations=57 (full 0):
 garbage-first heap   total 437248K, used 265762K [0x0000000080000000, 0x0000000100000000)
  region size 1024K, 3 young (3072K), 3 survivors (3072K)
 Metaspace       used 111580K, committed 112320K, reserved 1146880K
  class space    used 15305K, committed 15680K, reserved 1048576K
}

