# JRE version: OpenJDK Runtime Environment (17.0.6) (build 17.0.6+0-b2043.56-10027231)
# Java VM: OpenJDK 64-Bit Server VM (17.0.6+0-b2043.56-10027231, mixed mode, tiered, compressed oops, compressed class ptrs, g1 gc, windows-amd64)
GC Precious Log:
 CPUs: 4 total, 4 available
 Memory: 16276M
 Large Page Support: Disabled
 NUMA Support: Disabled
 Compressed Oops: Enabled (32-bit)
 Heap Region Size: 1M
 Heap Min Capacity: 8M
 Heap Initial Capacity: 256M
 Heap Max Capacity: 2G
 Pre-touch: Disabled
 Parallel Workers: 4
 Concurrent Workers: 1
 Concurrent Refinement Workers: 4
 Periodic GC: Disabled
Heap:
 garbage-first heap   total 467968K, used 222517K [0x0000000080000000, 0x0000000100000000)
  region size 1024K, 74 young (75776K), 2 survivors (2048K)
 Metaspace       used 135552K, committed 136448K, reserved 1171456K
  class space    used 18063K, committed 18496K, reserved 1048576K
GC Heap History (20 events):
Event: 2298.848 GC heap before
{Heap before GC invocations=42 (full 0):
 garbage-first heap   total 249856K, used 154993K [0x0000000080000000, 0x0000000100000000)
  region size 1024K, 42 young (43008K), 1 survivors (1024K)
 Metaspace       used 123170K, committed 124032K, reserved 1163264K
  class space    used 17009K, committed 17408K, reserved 1048576K
}
Event: 2298.856 GC heap after
{Heap after GC invocations=43 (full 0):
 garbage-first heap   total 249856K, used 120509K [0x0000000080000000, 0x0000000100000000)
  region size 1024K, 7 young (7168K), 7 survivors (7168K)
 Metaspace       used 123170K, committed 124032K, reserved 1163264K
  class space    used 17009K, committed 17408K, reserved 1048576K
}
Event: 2299.778 GC heap before
{Heap before GC invocations=44 (full 0):
 garbage-first heap   total 249856K, used 232125K [0x0000000080000000, 0x0000000100000000)
  region size 1024K, 90 young (92160K), 7 survivors (7168K)
 Metaspace       used 125683K, committed 126464K, reserved 1163264K
  class space    used 17251K, committed 17664K, reserved 1048576K
}
Event: 2299.800 GC heap after
{Heap after GC invocations=45 (full 0):
 garbage-first heap   total 262144K, used 141934K [0x0000000080000000, 0x0000000100000000)
  region size 1024K, 12 young (12288K), 12 survivors (12288K)
 Metaspace       used 125683K, committed 126464K, reserved 1163264K
  class space    used 17251K, committed 17664K, reserved 1048576K
}
Event: 2299.811 GC heap before
{Heap before GC invocations=45 (full 0):
 garbage-first heap   total 262144K, used 141934K [0x0000000080000000, 0x0000000100000000)
  region size 1024K, 13 young (13312K), 12 survivors (12288K)
 Metaspace       used 125690K, committed 126464K, reserved 1163264K
  class space    used 17252K, committed 17664K, reserved 1048576K
}
Event: 2299.835 GC heap after
{Heap after GC invocations=46 (full 0):
 garbage-first heap   total 262144K, used 131072K [0x0000000080000000, 0x0000000100000000)
  region size 1024K, 2 young (2048K), 2 survivors (2048K)
 Metaspace       used 125690K, committed 126464K, reserved 1163264K
  class space    used 17252K, committed 17664K, reserved 1048576K
}
Event: 2300.689 GC heap before
{Heap before GC invocations=46 (full 0):
 garbage-first heap   total 262144K, used 203776K [0x0000000080000000, 0x0000000100000000)
  region size 1024K, 74 young (75776K), 2 survivors (2048K)
 Metaspace       used 130699K, committed 131392K, reserved 1163264K
  class space    used 17705K, committed 18048K, reserved 1048576K
}
Event: 2300.701 GC heap after
{Heap after GC invocations=47 (full 0):
 garbage-first heap   total 262144K, used 141312K [0x0000000080000000, 0x0000000100000000)
  region size 1024K, 10 young (10240K), 10 survivors (10240K)
 Metaspace       used 130699K, committed 131392K, reserved 1163264K
  class space    used 17705K, committed 18048K, reserved 1048576K
}
Event: 2302.952 GC heap before
{Heap before GC invocations=48 (full 0):
 garbage-first heap   total 262144K, used 194560K [0x0000000080000000, 0x0000000100000000)
  region size 1024K, 75 young (76800K), 10 survivors (10240K)
 Metaspace       used 132479K, committed 133184K, reserved 1171456K
  class space    used 17886K, committed 18240K, reserved 1048576K
}
Event: 2302.960 GC heap after
{Heap after GC invocations=49 (full 0):
 garbage-first heap   total 262144K, used 128068K [0x0000000080000000, 0x0000000100000000)
  region size 1024K, 5 young (5120K), 5 survivors (5120K)
 Metaspace       used 132479K, committed 133184K, reserved 1171456K
  class space    used 17886K, committed 18240K, reserved 1048576K
}
Event: 2302.999 GC heap before
{Heap before GC invocations=49 (full 0):
 garbage-first heap   total 262144K, used 135236K [0x0000000080000000, 0x0000000100000000)
  region size 1024K, 12 young (12288K), 5 survivors (5120K)
 Metaspace       used 132647K, committed 133440K, reserved 1171456K
  class space    used 17899K, committed 18240K, reserved 1048576K
}
Event: 2303.012 GC heap after
{Heap after GC invocations=50 (full 0):
 garbage-first heap   total 262144K, used 118199K [0x0000000080000000, 0x0000000100000000)
  region size 1024K, 1 young (1024K), 1 survivors (1024K)
 Metaspace       used 132647K, committed 133440K, reserved 1171456K
  class space    used 17899K, committed 18240K, reserved 1048576K
}
Event: 2305.737 GC heap before
{Heap before GC invocations=50 (full 0):
 garbage-first heap   total 262144K, used 199095K [0x0000000080000000, 0x0000000100000000)
  region size 1024K, 82 young (83968K), 1 survivors (1024K)
 Metaspace       used 133295K, committed 134080K, reserved 1171456K
  class space    used 17952K, committed 18304K, reserved 1048576K
}
Event: 2305.743 GC heap after
{Heap after GC invocations=51 (full 0):
 garbage-first heap   total 262144K, used 121940K [0x0000000080000000, 0x0000000100000000)
  region size 1024K, 5 young (5120K), 5 survivors (5120K)
 Metaspace       used 133295K, committed 134080K, reserved 1171456K
  class space    used 17952K, committed 18304K, reserved 1048576K
}
Event: 2306.628 GC heap before
{Heap before GC invocations=52 (full 0):
 garbage-first heap   total 262144K, used 204884K [0x0000000080000000, 0x0000000100000000)
  region size 1024K, 88 young (90112K), 5 survivors (5120K)
 Metaspace       used 134773K, committed 135616K, reserved 1171456K
  class space    used 17985K, committed 18368K, reserved 1048576K
}
Event: 2306.639 GC heap after
{Heap after GC invocations=53 (full 0):
 garbage-first heap   total 262144K, used 128118K [0x0000000080000000, 0x0000000100000000)
  region size 1024K, 11 young (11264K), 11 survivors (11264K)
 Metaspace       used 134773K, committed 135616K, reserved 1171456K
  class space    used 17985K, committed 18368K, reserved 1048576K
}
Event: 2306.647 GC heap before
{Heap before GC invocations=53 (full 0):
 garbage-first heap   total 262144K, used 129142K [0x0000000080000000, 0x0000000100000000)
  region size 1024K, 12 young (12288K), 11 survivors (11264K)
 Metaspace       used 134773K, committed 135616K, reserved 1171456K
  class space    used 17985K, committed 18368K, reserved 1048576K
}
Event: 2306.661 GC heap after
{Heap after GC invocations=54 (full 0):
 garbage-first heap   total 262144K, used 126613K [0x0000000080000000, 0x0000000100000000)
  region size 1024K, 1 young (1024K), 1 survivors (1024K)
 Metaspace       used 134773K, committed 135616K, reserved 1171456K
  class space    used 17985K, committed 18368K, reserved 1048576K
}
Event: 2306.747 GC heap before
{Heap before GC invocations=54 (full 0):
 garbage-first heap   total 262144K, used 132757K [0x0000000080000000, 0x0000000100000000)
  region size 1024K, 9 young (9216K), 1 survivors (1024K)
 Metaspace       used 134850K, committed 135680K, reserved 1171456K
  class space    used 17987K, committed 18368K, reserved 1048576K
}
Event: 2306.753 GC heap after
{Heap after GC invocations=55 (full 0):
 garbage-first heap   total 786432K, used 127285K [0x0000000080000000, 0x0000000100000000)
  region size 1024K, 2 young (2048K), 2 survivors (2048K)
 Metaspace       used 134850K, committed 135680K, reserved 1171456K
  class space    used 17987K, committed 18368K, reserved 1048576K
}

