# JRE version: OpenJDK Runtime Environment (17.0.6) (build 17.0.6+0-b2043.56-10027231)
# Java VM: OpenJDK 64-Bit Server VM (17.0.6+0-b2043.56-10027231, mixed mode, tiered, compressed oops, compressed class ptrs, g1 gc, windows-amd64)
GC Precious Log:
 CPUs: 4 total, 4 available
 Memory: 16276M
 Large Page Support: Disabled
 NUMA Support: Disabled
 Compressed Oops: Enabled (Zero based)
 Heap Region Size: 2M
 Heap Min Capacity: 8M
 Heap Initial Capacity: 256M
 Heap Max Capacity: 4070M
 Pre-touch: Disabled
 Parallel Workers: 4
 Concurrent Workers: 1
 Concurrent Refinement Workers: 4
 Periodic GC: Disabled
Heap:
 garbage-first heap   total 155648K, used 78420K [0x0000000701a00000, 0x0000000800000000)
  region size 2048K, 9 young (18432K), 1 survivors (2048K)
 Metaspace       used 82349K, committed 82688K, reserved 1122304K
  class space    used 9226K, committed 9408K, reserved 1048576K
GC Heap History (20 events):
Event: 2.092 GC heap before
{Heap before GC invocations=7 (full 0):
 garbage-first heap   total 49152K, used 19665K [0x0000000701a00000, 0x0000000800000000)
  region size 2048K, 3 young (6144K), 1 survivors (2048K)
 Metaspace       used 35864K, committed 36096K, reserved 1081344K
  class space    used 4535K, committed 4672K, reserved 1048576K
}
Event: 2.095 GC heap after
{Heap after GC invocations=8 (full 0):
 garbage-first heap   total 49152K, used 18046K [0x0000000701a00000, 0x0000000800000000)
  region size 2048K, 2 young (4096K), 2 survivors (4096K)
 Metaspace       used 35864K, committed 36096K, reserved 1081344K
  class space    used 4535K, committed 4672K, reserved 1048576K
}
Event: 2.253 GC heap before
{Heap before GC invocations=9 (full 0):
 garbage-first heap   total 49152K, used 30334K [0x0000000701a00000, 0x0000000800000000)
  region size 2048K, 9 young (18432K), 2 survivors (4096K)
 Metaspace       used 38672K, committed 38912K, reserved 1089536K
  class space    used 4785K, committed 4928K, reserved 1048576K
}
Event: 2.257 GC heap after
{Heap after GC invocations=10 (full 0):
 garbage-first heap   total 49152K, used 19345K [0x0000000701a00000, 0x0000000800000000)
  region size 2048K, 1 young (2048K), 1 survivors (2048K)
 Metaspace       used 38672K, committed 38912K, reserved 1089536K
  class space    used 4785K, committed 4928K, reserved 1048576K
}
Event: 2.444 GC heap before
{Heap before GC invocations=11 (full 0):
 garbage-first heap   total 49152K, used 33681K [0x0000000701a00000, 0x0000000800000000)
  region size 2048K, 8 young (16384K), 1 survivors (2048K)
 Metaspace       used 41846K, committed 42112K, reserved 1089536K
  class space    used 5133K, committed 5248K, reserved 1048576K
}
Event: 2.447 GC heap after
{Heap after GC invocations=12 (full 0):
 garbage-first heap   total 49152K, used 20544K [0x0000000701a00000, 0x0000000800000000)
  region size 2048K, 1 young (2048K), 1 survivors (2048K)
 Metaspace       used 41846K, committed 42112K, reserved 1089536K
  class space    used 5133K, committed 5248K, reserved 1048576K
}
Event: 2.696 GC heap before
{Heap before GC invocations=12 (full 0):
 garbage-first heap   total 49152K, used 34880K [0x0000000701a00000, 0x0000000800000000)
  region size 2048K, 8 young (16384K), 1 survivors (2048K)
 Metaspace       used 45251K, committed 45440K, reserved 1089536K
  class space    used 5530K, committed 5632K, reserved 1048576K
}
Event: 2.700 GC heap after
{Heap after GC invocations=13 (full 0):
 garbage-first heap   total 155648K, used 21747K [0x0000000701a00000, 0x0000000800000000)
  region size 2048K, 1 young (2048K), 1 survivors (2048K)
 Metaspace       used 45251K, committed 45440K, reserved 1089536K
  class space    used 5530K, committed 5632K, reserved 1048576K
}
Event: 3.920 GC heap before
{Heap before GC invocations=13 (full 0):
 garbage-first heap   total 155648K, used 109811K [0x0000000701a00000, 0x0000000800000000)
  region size 2048K, 43 young (88064K), 1 survivors (2048K)
 Metaspace       used 54989K, committed 55232K, reserved 1097728K
  class space    used 6584K, committed 6656K, reserved 1048576K
}
Event: 3.931 GC heap after
{Heap after GC invocations=14 (full 0):
 garbage-first heap   total 155648K, used 33551K [0x0000000701a00000, 0x0000000800000000)
  region size 2048K, 6 young (12288K), 6 survivors (12288K)
 Metaspace       used 54989K, committed 55232K, reserved 1097728K
  class space    used 6584K, committed 6656K, reserved 1048576K
}
Event: 4.637 GC heap before
{Heap before GC invocations=14 (full 0):
 garbage-first heap   total 155648K, used 113423K [0x0000000701a00000, 0x0000000800000000)
  region size 2048K, 45 young (92160K), 6 survivors (12288K)
 Metaspace       used 57355K, committed 57536K, reserved 1105920K
  class space    used 6846K, committed 6912K, reserved 1048576K
}
Event: 4.654 GC heap after
{Heap after GC invocations=15 (full 0):
 garbage-first heap   total 155648K, used 41432K [0x0000000701a00000, 0x0000000800000000)
  region size 2048K, 4 young (8192K), 4 survivors (8192K)
 Metaspace       used 57355K, committed 57536K, reserved 1105920K
  class space    used 6846K, committed 6912K, reserved 1048576K
}
Event: 6.113 GC heap before
{Heap before GC invocations=15 (full 0):
 garbage-first heap   total 155648K, used 102872K [0x0000000701a00000, 0x0000000800000000)
  region size 2048K, 35 young (71680K), 4 survivors (8192K)
 Metaspace       used 65116K, committed 65408K, reserved 1114112K
  class space    used 7570K, committed 7744K, reserved 1048576K
}
Event: 6.128 GC heap after
{Heap after GC invocations=16 (full 0):
 garbage-first heap   total 155648K, used 49616K [0x0000000701a00000, 0x0000000800000000)
  region size 2048K, 4 young (8192K), 4 survivors (8192K)
 Metaspace       used 65116K, committed 65408K, reserved 1114112K
  class space    used 7570K, committed 7744K, reserved 1048576K
}
Event: 7.182 GC heap before
{Heap before GC invocations=17 (full 0):
 garbage-first heap   total 155648K, used 115152K [0x0000000701a00000, 0x0000000800000000)
  region size 2048K, 36 young (73728K), 4 survivors (8192K)
 Metaspace       used 74371K, committed 74688K, reserved 1122304K
  class space    used 8540K, committed 8704K, reserved 1048576K
}
Event: 7.196 GC heap after
{Heap after GC invocations=18 (full 0):
 garbage-first heap   total 155648K, used 56694K [0x0000000701a00000, 0x0000000800000000)
  region size 2048K, 4 young (8192K), 4 survivors (8192K)
 Metaspace       used 74371K, committed 74688K, reserved 1122304K
  class space    used 8540K, committed 8704K, reserved 1048576K
}
Event: 7.822 GC heap before
{Heap before GC invocations=19 (full 0):
 garbage-first heap   total 155648K, used 116086K [0x0000000701a00000, 0x0000000800000000)
  region size 2048K, 33 young (67584K), 4 survivors (8192K)
 Metaspace       used 77601K, committed 77952K, reserved 1122304K
  class space    used 8838K, committed 9024K, reserved 1048576K
}
Event: 7.834 GC heap after
{Heap after GC invocations=20 (full 0):
 garbage-first heap   total 155648K, used 62300K [0x0000000701a00000, 0x0000000800000000)
  region size 2048K, 3 young (6144K), 3 survivors (6144K)
 Metaspace       used 77601K, committed 77952K, reserved 1122304K
  class space    used 8838K, committed 9024K, reserved 1048576K
}
Event: 8.454 GC heap before
{Heap before GC invocations=20 (full 0):
 garbage-first heap   total 155648K, used 119644K [0x0000000701a00000, 0x0000000800000000)
  region size 2048K, 31 young (63488K), 3 survivors (6144K)
 Metaspace       used 81052K, committed 81344K, reserved 1122304K
  class space    used 9126K, committed 9280K, reserved 1048576K
}
Event: 8.462 GC heap after
{Heap after GC invocations=21 (full 0):
 garbage-first heap   total 155648K, used 64084K [0x0000000701a00000, 0x0000000800000000)
  region size 2048K, 1 young (2048K), 1 survivors (2048K)
 Metaspace       used 81052K, committed 81344K, reserved 1122304K
  class space    used 9126K, committed 9280K, reserved 1048576K
}

